<?xml version="1.0" encoding="UTF-8"?>
<testsuite name="com.jojoldu.book.springboot.web.PostsApiControllerTest" tests="1" skipped="0" failures="0" errors="0" timestamp="2024-12-11T14:30:56" hostname="LG-GRAM-DUCK" time="1.24">
  <properties/>
  <testcase name="board_updated()" classname="com.jojoldu.book.springboot.web.PostsApiControllerTest" time="1.24"/>
  <system-out><![CDATA[23:30:49.744 [Test worker] INFO org.springframework.test.context.support.AnnotationConfigContextLoaderUtils -- Could not detect default configuration classes for test class [com.jojoldu.book.springboot.web.PostsApiControllerTest]: PostsApiControllerTest does not declare any static, non-private, non-final, nested classes annotated with @Configuration.
23:30:49.899 [Test worker] INFO org.springframework.boot.test.context.SpringBootTestContextBootstrapper -- Found @SpringBootConfiguration com.jojoldu.book.springboot.Application for test class com.jojoldu.book.springboot.web.PostsApiControllerTest

  .   ____          _            __ _ _
 /\\ / ___'_ __ _ _(_)_ __  __ _ \ \ \ \
( ( )\___ | '_ | '_| | '_ \/ _` | \ \ \ \
 \\/  ___)| |_)| | | | | || (_| |  ) ) ) )
  '  |____| .__|_| |_|_| |_\__, | / / / /
 =========|_|==============|___/=/_/_/_/
 :: Spring Boot ::                (v3.1.5)

2024-12-11T23:30:50.357+09:00  INFO 18392 --- [    Test worker] c.j.b.s.web.PostsApiControllerTest       : Starting PostsApiControllerTest using Java 17.0.13 with PID 18392 (started by 김경덕 in C:\workspace\aws-practice)
2024-12-11T23:30:50.359+09:00  INFO 18392 --- [    Test worker] c.j.b.s.web.PostsApiControllerTest       : The following 1 profile is active: "oauth"
2024-12-11T23:30:51.235+09:00  INFO 18392 --- [    Test worker] .s.d.r.c.RepositoryConfigurationDelegate : Bootstrapping Spring Data JPA repositories in DEFAULT mode.
2024-12-11T23:30:51.319+09:00  INFO 18392 --- [    Test worker] .s.d.r.c.RepositoryConfigurationDelegate : Finished Spring Data repository scanning in 70 ms. Found 2 JPA repository interfaces.
2024-12-11T23:30:52.057+09:00  INFO 18392 --- [    Test worker] o.s.b.w.embedded.tomcat.TomcatWebServer  : Tomcat initialized with port(s): 0 (http)
2024-12-11T23:30:52.069+09:00  INFO 18392 --- [    Test worker] o.apache.catalina.core.StandardService   : Starting service [Tomcat]
2024-12-11T23:30:52.069+09:00  INFO 18392 --- [    Test worker] o.apache.catalina.core.StandardEngine    : Starting Servlet engine: [Apache Tomcat/10.1.15]
2024-12-11T23:30:52.197+09:00  INFO 18392 --- [    Test worker] o.a.c.c.C.[Tomcat].[localhost].[/]       : Initializing Spring embedded WebApplicationContext
2024-12-11T23:30:52.199+09:00  INFO 18392 --- [    Test worker] w.s.c.ServletWebServerApplicationContext : Root WebApplicationContext: initialization completed in 1801 ms
2024-12-11T23:30:52.249+09:00  INFO 18392 --- [    Test worker] com.zaxxer.hikari.HikariDataSource       : HikariPool-1 - Starting...
2024-12-11T23:30:52.563+09:00  INFO 18392 --- [    Test worker] com.zaxxer.hikari.pool.HikariPool        : HikariPool-1 - Added connection conn0: url=jdbc:h2:mem:testdb user=SA
2024-12-11T23:30:52.566+09:00  INFO 18392 --- [    Test worker] com.zaxxer.hikari.HikariDataSource       : HikariPool-1 - Start completed.
2024-12-11T23:30:52.585+09:00  INFO 18392 --- [    Test worker] o.s.b.a.h2.H2ConsoleAutoConfiguration    : H2 console available at '/h2-console'. Database available at 'jdbc:h2:mem:testdb'
2024-12-11T23:30:52.894+09:00  INFO 18392 --- [    Test worker] o.hibernate.jpa.internal.util.LogHelper  : HHH000204: Processing PersistenceUnitInfo [name: default]
2024-12-11T23:30:52.962+09:00  INFO 18392 --- [    Test worker] org.hibernate.Version                    : HHH000412: Hibernate ORM core version 6.2.13.Final
2024-12-11T23:30:52.965+09:00  INFO 18392 --- [    Test worker] org.hibernate.cfg.Environment            : HHH000406: Using bytecode reflection optimizer
2024-12-11T23:30:53.310+09:00  INFO 18392 --- [    Test worker] o.s.o.j.p.SpringPersistenceUnitInfo      : No LoadTimeWeaver setup: ignoring JPA class transformer
2024-12-11T23:30:54.215+09:00  INFO 18392 --- [    Test worker] o.h.e.t.j.p.i.JtaPlatformInitiator       : HHH000489: No JTA platform available (set 'hibernate.transaction.jta.platform' to enable JTA platform integration)
Hibernate: drop table if exists posts cascade 
Hibernate: drop table if exists user cascade 
Hibernate: create table posts (created_date timestamp(6), id bigint generated by default as identity, modified_date timestamp(6), title varchar(500) not null, author varchar(255), content TEXT not null, primary key (id))
Hibernate: create table user (created_date timestamp(6), id bigint generated by default as identity, modified_date timestamp(6), email varchar(255) not null, name varchar(255) not null, picture varchar(255), role varchar(255) not null check (role in ('GUEST','USER')), primary key (id))
2024-12-11T23:30:54.241+09:00  INFO 18392 --- [    Test worker] j.LocalContainerEntityManagerFactoryBean : Initialized JPA EntityManagerFactory for persistence unit 'default'
2024-12-11T23:30:54.682+09:00  INFO 18392 --- [    Test worker] o.s.d.j.r.query.QueryEnhancerFactory     : Hibernate is in classpath; If applicable, HQL parser will be used.
2024-12-11T23:30:55.174+09:00  WARN 18392 --- [    Test worker] JpaBaseConfiguration$JpaWebConfiguration : spring.jpa.open-in-view is enabled by default. Therefore, database queries may be performed during view rendering. Explicitly configure spring.jpa.open-in-view to disable this warning
2024-12-11T23:30:55.385+09:00  INFO 18392 --- [    Test worker] o.s.s.web.DefaultSecurityFilterChain     : Will secure any request with [org.springframework.security.web.session.DisableEncodeUrlFilter@54bf2319, org.springframework.security.web.context.request.async.WebAsyncManagerIntegrationFilter@7d45e754, org.springframework.security.web.context.SecurityContextHolderFilter@66b9f727, org.springframework.security.web.header.HeaderWriterFilter@610115e8, org.springframework.security.web.authentication.logout.LogoutFilter@3a02172a, org.springframework.security.oauth2.client.web.OAuth2AuthorizationRequestRedirectFilter@1d7914a5, org.springframework.security.oauth2.client.web.OAuth2LoginAuthenticationFilter@40fd25c7, org.springframework.security.web.authentication.ui.DefaultLoginPageGeneratingFilter@6049b4c9, org.springframework.security.web.authentication.ui.DefaultLogoutPageGeneratingFilter@16a30d66, org.springframework.security.web.savedrequest.RequestCacheAwareFilter@2d33aa31, org.springframework.security.web.servletapi.SecurityContextHolderAwareRequestFilter@21acc86a, org.springframework.security.web.authentication.AnonymousAuthenticationFilter@213fc7e7, org.springframework.security.web.access.ExceptionTranslationFilter@f7a8a7b, org.springframework.security.web.access.intercept.AuthorizationFilter@7cbcd27e]
2024-12-11T23:30:55.664+09:00  INFO 18392 --- [    Test worker] o.s.b.a.w.s.WelcomePageHandlerMapping    : Adding welcome page template: index
2024-12-11T23:30:56.089+09:00  INFO 18392 --- [    Test worker] o.s.b.w.embedded.tomcat.TomcatWebServer  : Tomcat started on port(s): 61767 (http) with context path ''
2024-12-11T23:30:56.102+09:00  INFO 18392 --- [    Test worker] c.j.b.s.web.PostsApiControllerTest       : Started PostsApiControllerTest in 6.067 seconds (process running for 7.307)
2024-12-11T23:30:56.856+09:00  INFO 18392 --- [    Test worker] o.a.c.c.C.[Tomcat].[localhost].[/]       : Initializing Spring TestDispatcherServlet ''
2024-12-11T23:30:56.856+09:00  INFO 18392 --- [    Test worker] o.s.t.web.servlet.TestDispatcherServlet  : Initializing Servlet ''
2024-12-11T23:30:56.858+09:00  INFO 18392 --- [    Test worker] o.s.t.web.servlet.TestDispatcherServlet  : Completed initialization in 2 ms
Hibernate: insert into posts (author,content,created_date,modified_date,title,id) values (?,?,?,?,?,default)
Hibernate: select p1_0.id,p1_0.author,p1_0.content,p1_0.created_date,p1_0.modified_date,p1_0.title from posts p1_0 where p1_0.id=?
Hibernate: update posts set author=?,content=?,created_date=?,modified_date=?,title=? where id=?
Hibernate: select p1_0.id,p1_0.author,p1_0.content,p1_0.created_date,p1_0.modified_date,p1_0.title from posts p1_0
Hibernate: select p1_0.id,p1_0.author,p1_0.content,p1_0.created_date,p1_0.modified_date,p1_0.title from posts p1_0
Hibernate: delete from posts where id=?
]]></system-out>
  <system-err><![CDATA[]]></system-err>
</testsuite>
